# JRE version: OpenJDK Runtime Environment Temurin-21.0.9+10 (21.0.9+10) (build 21.0.9+10-LTS)
# Java VM: OpenJDK 64-Bit Server VM Temurin-21.0.9+10 (21.0.9+10-LTS, mixed mode, sharing, tiered, compressed oops, compressed class ptrs, parallel gc, windows-amd64)
GC Precious Log:
 CardTable entry size: 512
 CPUs: 8 total, 8 available
 Memory: 7991M
 Large Page Support: Disabled
 NUMA Support: Disabled
 Compressed Oops: Enabled (32-bit)
 Alignments: Space 512K, Generation 512K, Heap 2M
 Heap Min Capacity: 100M
 Heap Initial Capacity: 100M
 Heap Max Capacity: 2G
 Pre-touch: Disabled
 Parallel Workers: 8
Heap:
 PSYoungGen      total 6656K, used 5821K [0x00000000d5580000, 0x00000000d5c80000, 0x0000000100000000)
  eden space 6144K, 87% used [0x00000000d5580000,0x00000000d5ac7658,0x00000000d5b80000)
  from space 512K, 81% used [0x00000000d5c00000,0x00000000d5c68020,0x00000000d5c80000)
  to   space 512K, 0% used [0x00000000d5b80000,0x00000000d5b80000,0x00000000d5c00000)
 ParOldGen       total 1030656K, used 1025577K [0x0000000080000000, 0x00000000bee80000, 0x00000000d5580000)
  object space 1030656K, 99% used [0x0000000080000000,0x00000000be98a588,0x00000000bee80000)
 Metaspace       used 78200K, committed 79936K, reserved 1179648K
  class space    used 8271K, committed 9024K, reserved 1048576K
GC Heap History (20 events):
Event: 1618.359 GC heap before
{Heap before GC invocations=1494 (full 3):
 PSYoungGen      total 5632K, used 5083K [0x00000000d5580000, 0x00000000d6180000, 0x0000000100000000)
  eden space 5120K, 89% used [0x00000000d5580000,0x00000000d59fd0d0,0x00000000d5a80000)
  from space 512K, 95% used [0x00000000d5d80000,0x00000000d5df9ba8,0x00000000d5e00000)
  to   space 3072K, 0% used [0x00000000d5a80000,0x00000000d5a80000,0x00000000d5d80000)
 ParOldGen       total 868352K, used 867878K [0x0000000080000000, 0x00000000b5000000, 0x00000000d5580000)
  object space 868352K, 99% used [0x0000000080000000,0x00000000b4f89810,0x00000000b5000000)
 Metaspace       used 77741K, committed 79424K, reserved 1179648K
  class space    used 8238K, committed 8960K, reserved 1048576K
}
Event: 1618.361 GC heap after
{Heap after GC invocations=1494 (full 3):
 PSYoungGen      total 6144K, used 698K [0x00000000d5580000, 0x00000000d5e00000, 0x0000000100000000)
  eden space 5120K, 0% used [0x00000000d5580000,0x00000000d5580000,0x00000000d5a80000)
  from space 1024K, 68% used [0x00000000d5a80000,0x00000000d5b2e900,0x00000000d5b80000)
  to   space 1536K, 0% used [0x00000000d5c80000,0x00000000d5c80000,0x00000000d5e00000)
 ParOldGen       total 868352K, used 868242K [0x0000000080000000, 0x00000000b5000000, 0x00000000d5580000)
  object space 868352K, 99% used [0x0000000080000000,0x00000000b4fe4a10,0x00000000b5000000)
 Metaspace       used 77741K, committed 79424K, reserved 1179648K
  class space    used 8238K, committed 8960K, reserved 1048576K
}
Event: 1618.366 GC heap before
{Heap before GC invocations=1495 (full 3):
 PSYoungGen      total 6144K, used 5818K [0x00000000d5580000, 0x00000000d5e00000, 0x0000000100000000)
  eden space 5120K, 100% used [0x00000000d5580000,0x00000000d5a80000,0x00000000d5a80000)
  from space 1024K, 68% used [0x00000000d5a80000,0x00000000d5b2e900,0x00000000d5b80000)
  to   space 1536K, 0% used [0x00000000d5c80000,0x00000000d5c80000,0x00000000d5e00000)
 ParOldGen       total 868352K, used 868242K [0x0000000080000000, 0x00000000b5000000, 0x00000000d5580000)
  object space 868352K, 99% used [0x0000000080000000,0x00000000b4fe4a10,0x00000000b5000000)
 Metaspace       used 77741K, committed 79424K, reserved 1179648K
  class space    used 8238K, committed 8960K, reserved 1048576K
}
Event: 1618.367 GC heap after
{Heap after GC invocations=1495 (full 3):
 PSYoungGen      total 5632K, used 352K [0x00000000d5580000, 0x00000000d5d00000, 0x0000000100000000)
  eden space 5120K, 0% used [0x00000000d5580000,0x00000000d5580000,0x00000000d5a80000)
  from space 512K, 68% used [0x00000000d5c80000,0x00000000d5cd8000,0x00000000d5d00000)
  to   space 1024K, 0% used [0x00000000d5b00000,0x00000000d5b00000,0x00000000d5c00000)
 ParOldGen       total 868864K, used 868855K [0x0000000080000000, 0x00000000b5080000, 0x00000000d5580000)
  object space 868864K, 99% used [0x0000000080000000,0x00000000b507dc10,0x00000000b5080000)
 Metaspace       used 77741K, committed 79424K, reserved 1179648K
  class space    used 8238K, committed 8960K, reserved 1048576K
}
Event: 1618.378 GC heap before
{Heap before GC invocations=1496 (full 3):
 PSYoungGen      total 5632K, used 5432K [0x00000000d5580000, 0x00000000d5d00000, 0x0000000100000000)
  eden space 5120K, 99% used [0x00000000d5580000,0x00000000d5a76088,0x00000000d5a80000)
  from space 512K, 68% used [0x00000000d5c80000,0x00000000d5cd8000,0x00000000d5d00000)
  to   space 1024K, 0% used [0x00000000d5b00000,0x00000000d5b00000,0x00000000d5c00000)
 ParOldGen       total 868864K, used 868855K [0x0000000080000000, 0x00000000b5080000, 0x00000000d5580000)
  object space 868864K, 99% used [0x0000000080000000,0x00000000b507dc10,0x00000000b5080000)
 Metaspace       used 77741K, committed 79424K, reserved 1179648K
  class space    used 8238K, committed 8960K, reserved 1048576K
}
Event: 1618.379 GC heap after
{Heap after GC invocations=1496 (full 3):
 PSYoungGen      total 6144K, used 907K [0x00000000d5580000, 0x00000000d5d00000, 0x0000000100000000)
  eden space 5120K, 0% used [0x00000000d5580000,0x00000000d5580000,0x00000000d5a80000)
  from space 1024K, 88% used [0x00000000d5b00000,0x00000000d5be2c58,0x00000000d5c00000)
  to   space 1024K, 0% used [0x00000000d5c00000,0x00000000d5c00000,0x00000000d5d00000)
 ParOldGen       total 870912K, used 870520K [0x0000000080000000, 0x00000000b5280000, 0x00000000d5580000)
  object space 870912K, 99% used [0x0000000080000000,0x00000000b521e038,0x00000000b5280000)
 Metaspace       used 77741K, committed 79424K, reserved 1179648K
  class space    used 8238K, committed 8960K, reserved 1048576K
}
Event: 1618.387 GC heap before
{Heap before GC invocations=1497 (full 3):
 PSYoungGen      total 6144K, used 6027K [0x00000000d5580000, 0x00000000d5d00000, 0x0000000100000000)
  eden space 5120K, 100% used [0x00000000d5580000,0x00000000d5a80000,0x00000000d5a80000)
  from space 1024K, 88% used [0x00000000d5b00000,0x00000000d5be2c58,0x00000000d5c00000)
  to   space 1024K, 0% used [0x00000000d5c00000,0x00000000d5c00000,0x00000000d5d00000)
 ParOldGen       total 870912K, used 870520K [0x0000000080000000, 0x00000000b5280000, 0x00000000d5580000)
  object space 870912K, 99% used [0x0000000080000000,0x00000000b521e038,0x00000000b5280000)
 Metaspace       used 77741K, committed 79424K, reserved 1179648K
  class space    used 8238K, committed 8960K, reserved 1048576K
}
Event: 1618.389 GC heap after
{Heap after GC invocations=1497 (full 3):
 PSYoungGen      total 5632K, used 512K [0x00000000d5580000, 0x00000000d5c80000, 0x0000000100000000)
  eden space 5120K, 0% used [0x00000000d5580000,0x00000000d5580000,0x00000000d5a80000)
  from space 512K, 100% used [0x00000000d5c00000,0x00000000d5c80000,0x00000000d5c80000)
  to   space 1024K, 0% used [0x00000000d5a80000,0x00000000d5a80000,0x00000000d5b80000)
 ParOldGen       total 871424K, used 870956K [0x0000000080000000, 0x00000000b5300000, 0x00000000d5580000)
  object space 871424K, 99% used [0x0000000080000000,0x00000000b528b238,0x00000000b5300000)
 Metaspace       used 77741K, committed 79424K, reserved 1179648K
  class space    used 8238K, committed 8960K, reserved 1048576K
}
Event: 1618.395 GC heap before
{Heap before GC invocations=1498 (full 3):
 PSYoungGen      total 5632K, used 5632K [0x00000000d5580000, 0x00000000d5c80000, 0x0000000100000000)
  eden space 5120K, 100% used [0x00000000d5580000,0x00000000d5a80000,0x00000000d5a80000)
  from space 512K, 100% used [0x00000000d5c00000,0x00000000d5c80000,0x00000000d5c80000)
  to   space 1024K, 0% used [0x00000000d5a80000,0x00000000d5a80000,0x00000000d5b80000)
 ParOldGen       total 871424K, used 870956K [0x0000000080000000, 0x00000000b5300000, 0x00000000d5580000)
  object space 871424K, 99% used [0x0000000080000000,0x00000000b528b238,0x00000000b5300000)
 Metaspace       used 77749K, committed 79424K, reserved 1179648K
  class space    used 8238K, committed 8960K, reserved 1048576K
}
Event: 1618.398 GC heap after
{Heap after GC invocations=1498 (full 3):
 PSYoungGen      total 6144K, used 346K [0x00000000d5580000, 0x00000000d5c80000, 0x0000000100000000)
  eden space 5120K, 0% used [0x00000000d5580000,0x00000000d5580000,0x00000000d5a80000)
  from space 1024K, 33% used [0x00000000d5a80000,0x00000000d5ad6900,0x00000000d5b80000)
  to   space 512K, 0% used [0x00000000d5c00000,0x00000000d5c00000,0x00000000d5c80000)
 ParOldGen       total 871424K, used 871420K [0x0000000080000000, 0x00000000b5300000, 0x00000000d5580000)
  object space 871424K, 99% used [0x0000000080000000,0x00000000b52ff238,0x00000000b5300000)
 Metaspace       used 77749K, committed 79424K, reserved 1179648K
  class space    used 8238K, committed 8960K, reserved 1048576K
}
Event: 1618.404 GC heap before
{Heap before GC invocations=1499 (full 3):
 PSYoungGen      total 6144K, used 5466K [0x00000000d5580000, 0x00000000d5c80000, 0x0000000100000000)
  eden space 5120K, 100% used [0x00000000d5580000,0x00000000d5a80000,0x00000000d5a80000)
  from space 1024K, 33% used [0x00000000d5a80000,0x00000000d5ad6900,0x00000000d5b80000)
  to   space 512K, 0% used [0x00000000d5c00000,0x00000000d5c00000,0x00000000d5c80000)
 ParOldGen       total 871424K, used 871420K [0x0000000080000000, 0x00000000b5300000, 0x00000000d5580000)
  object space 871424K, 99% used [0x0000000080000000,0x00000000b52ff238,0x00000000b5300000)
 Metaspace       used 77749K, committed 79424K, reserved 1179648K
  class space    used 8238K, committed 8960K, reserved 1048576K
}
Event: 1618.406 GC heap after
{Heap after GC invocations=1499 (full 3):
 PSYoungGen      total 6656K, used 160K [0x00000000d5580000, 0x00000000d5c80000, 0x0000000100000000)
  eden space 6144K, 0% used [0x00000000d5580000,0x00000000d5580000,0x00000000d5b80000)
  from space 512K, 31% used [0x00000000d5c00000,0x00000000d5c28000,0x00000000d5c80000)
  to   space 512K, 0% used [0x00000000d5b80000,0x00000000d5b80000,0x00000000d5c00000)
 ParOldGen       total 871936K, used 871617K [0x0000000080000000, 0x00000000b5380000, 0x00000000d5580000)
  object space 871936K, 99% used [0x0000000080000000,0x00000000b5330438,0x00000000b5380000)
 Metaspace       used 77749K, committed 79424K, reserved 1179648K
  class space    used 8238K, committed 8960K, reserved 1048576K
}
Event: 1618.890 GC heap before
{Heap before GC invocations=1500 (full 3):
 PSYoungGen      total 6656K, used 6303K [0x00000000d5580000, 0x00000000d5c80000, 0x0000000100000000)
  eden space 6144K, 99% used [0x00000000d5580000,0x00000000d5b7ffe8,0x00000000d5b80000)
  from space 512K, 31% used [0x00000000d5c00000,0x00000000d5c28000,0x00000000d5c80000)
  to   space 512K, 0% used [0x00000000d5b80000,0x00000000d5b80000,0x00000000d5c00000)
 ParOldGen       total 871936K, used 871617K [0x0000000080000000, 0x00000000b5380000, 0x00000000d5580000)
  object space 871936K, 99% used [0x0000000080000000,0x00000000b5330438,0x00000000b5380000)
 Metaspace       used 77927K, committed 79680K, reserved 1179648K
  class space    used 8262K, committed 9024K, reserved 1048576K
}
Event: 1618.892 GC heap after
{Heap after GC invocations=1500 (full 3):
 PSYoungGen      total 6656K, used 448K [0x00000000d5580000, 0x00000000d5c80000, 0x0000000100000000)
  eden space 6144K, 0% used [0x00000000d5580000,0x00000000d5580000,0x00000000d5b80000)
  from space 512K, 87% used [0x00000000d5b80000,0x00000000d5bf0040,0x00000000d5c00000)
  to   space 512K, 0% used [0x00000000d5c00000,0x00000000d5c00000,0x00000000d5c80000)
 ParOldGen       total 871936K, used 871641K [0x0000000080000000, 0x00000000b5380000, 0x00000000d5580000)
  object space 871936K, 99% used [0x0000000080000000,0x00000000b5336438,0x00000000b5380000)
 Metaspace       used 77927K, committed 79680K, reserved 1179648K
  class space    used 8262K, committed 9024K, reserved 1048576K
}
Event: 1621.532 GC heap before
{Heap before GC invocations=1501 (full 3):
 PSYoungGen      total 6656K, used 6592K [0x00000000d5580000, 0x00000000d5c80000, 0x0000000100000000)
  eden space 6144K, 100% used [0x00000000d5580000,0x00000000d5b80000,0x00000000d5b80000)
  from space 512K, 87% used [0x00000000d5b80000,0x00000000d5bf0040,0x00000000d5c00000)
  to   space 512K, 0% used [0x00000000d5c00000,0x00000000d5c00000,0x00000000d5c80000)
 ParOldGen       total 935424K, used 933081K [0x0000000080000000, 0x00000000b9180000, 0x00000000d5580000)
  object space 935424K, 99% used [0x0000000080000000,0x00000000b8f36498,0x00000000b9180000)
 Metaspace       used 78035K, committed 79808K, reserved 1179648K
  class space    used 8270K, committed 9024K, reserved 1048576K
}
Event: 1621.536 GC heap after
{Heap after GC invocations=1501 (full 3):
 PSYoungGen      total 6656K, used 320K [0x00000000d5580000, 0x00000000d5c80000, 0x0000000100000000)
  eden space 6144K, 0% used [0x00000000d5580000,0x00000000d5580000,0x00000000d5b80000)
  from space 512K, 62% used [0x00000000d5c00000,0x00000000d5c50000,0x00000000d5c80000)
  to   space 512K, 0% used [0x00000000d5b80000,0x00000000d5b80000,0x00000000d5c00000)
 ParOldGen       total 935424K, used 933273K [0x0000000080000000, 0x00000000b9180000, 0x00000000d5580000)
  object space 935424K, 99% used [0x0000000080000000,0x00000000b8f664e8,0x00000000b9180000)
 Metaspace       used 78035K, committed 79808K, reserved 1179648K
  class space    used 8270K, committed 9024K, reserved 1048576K
}
Event: 1627.598 GC heap before
{Heap before GC invocations=1502 (full 3):
 PSYoungGen      total 6656K, used 6463K [0x00000000d5580000, 0x00000000d5c80000, 0x0000000100000000)
  eden space 6144K, 99% used [0x00000000d5580000,0x00000000d5b7ff68,0x00000000d5b80000)
  from space 512K, 62% used [0x00000000d5c00000,0x00000000d5c50000,0x00000000d5c80000)
  to   space 512K, 0% used [0x00000000d5b80000,0x00000000d5b80000,0x00000000d5c00000)
 ParOldGen       total 967168K, used 963993K [0x0000000080000000, 0x00000000bb080000, 0x00000000d5580000)
  object space 967168K, 99% used [0x0000000080000000,0x00000000bad66518,0x00000000bb080000)
 Metaspace       used 78050K, committed 79808K, reserved 1179648K
  class space    used 8270K, committed 9024K, reserved 1048576K
}
Event: 1627.600 GC heap after
{Heap after GC invocations=1502 (full 3):
 PSYoungGen      total 6656K, used 256K [0x00000000d5580000, 0x00000000d5c80000, 0x0000000100000000)
  eden space 6144K, 0% used [0x00000000d5580000,0x00000000d5580000,0x00000000d5b80000)
  from space 512K, 50% used [0x00000000d5b80000,0x00000000d5bc0000,0x00000000d5c00000)
  to   space 512K, 0% used [0x00000000d5c00000,0x00000000d5c00000,0x00000000d5c80000)
 ParOldGen       total 967168K, used 964073K [0x0000000080000000, 0x00000000bb080000, 0x00000000d5580000)
  object space 967168K, 99% used [0x0000000080000000,0x00000000bad7a528,0x00000000bb080000)
 Metaspace       used 78050K, committed 79808K, reserved 1179648K
  class space    used 8270K, committed 9024K, reserved 1048576K
}
Event: 1632.550 GC heap before
{Heap before GC invocations=1503 (full 3):
 PSYoungGen      total 6656K, used 6400K [0x00000000d5580000, 0x00000000d5c80000, 0x0000000100000000)
  eden space 6144K, 100% used [0x00000000d5580000,0x00000000d5b80000,0x00000000d5b80000)
  from space 512K, 50% used [0x00000000d5b80000,0x00000000d5bc0000,0x00000000d5c00000)
  to   space 512K, 0% used [0x00000000d5c00000,0x00000000d5c00000,0x00000000d5c80000)
 ParOldGen       total 998912K, used 994793K [0x0000000080000000, 0x00000000bcf80000, 0x00000000d5580000)
  object space 998912K, 99% used [0x0000000080000000,0x00000000bcb7a558,0x00000000bcf80000)
 Metaspace       used 78104K, committed 79872K, reserved 1179648K
  class space    used 8270K, committed 9024K, reserved 1048576K
}
Event: 1632.552 GC heap after
{Heap after GC invocations=1503 (full 3):
 PSYoungGen      total 6656K, used 416K [0x00000000d5580000, 0x00000000d5c80000, 0x0000000100000000)
  eden space 6144K, 0% used [0x00000000d5580000,0x00000000d5580000,0x00000000d5b80000)
  from space 512K, 81% used [0x00000000d5c00000,0x00000000d5c68020,0x00000000d5c80000)
  to   space 512K, 0% used [0x00000000d5b80000,0x00000000d5b80000,0x00000000d5c00000)
 ParOldGen       total 998912K, used 994857K [0x0000000080000000, 0x00000000bcf80000, 0x00000000d5580000)
  object space 998912K, 99% used [0x0000000080000000,0x00000000bcb8a558,0x00000000bcf80000)
 Metaspace       used 78104K, committed 79872K, reserved 1179648K
  class space    used 8270K, committed 9024K, reserved 1048576K
}

