# JRE version: OpenJDK Runtime Environment Temurin-21.0.9+10 (21.0.9+10) (build 21.0.9+10-LTS)
# Java VM: OpenJDK 64-Bit Server VM Temurin-21.0.9+10 (21.0.9+10-LTS, mixed mode, sharing, tiered, compressed oops, compressed class ptrs, parallel gc, windows-amd64)
GC Precious Log:
 CardTable entry size: 512
 CPUs: 8 total, 8 available
 Memory: 7991M
 Large Page Support: Disabled
 NUMA Support: Disabled
 Compressed Oops: Enabled (32-bit)
 Alignments: Space 512K, Generation 512K, Heap 2M
 Heap Min Capacity: 100M
 Heap Initial Capacity: 100M
 Heap Max Capacity: 2G
 Pre-touch: Disabled
 Parallel Workers: 8
Heap:
 PSYoungGen      total 12800K, used 10321K [0x00000000d5580000, 0x00000000d6a00000, 0x0000000100000000)
  eden space 11264K, 81% used [0x00000000d5580000,0x00000000d5e7c4f8,0x00000000d6080000)
  from space 1536K, 72% used [0x00000000d6880000,0x00000000d6998010,0x00000000d6a00000)
  to   space 1536K, 0% used [0x00000000d6700000,0x00000000d6700000,0x00000000d6880000)
 ParOldGen       total 68608K, used 38634K [0x0000000080000000, 0x0000000084300000, 0x00000000d5580000)
  object space 68608K, 56% used [0x0000000080000000,0x00000000825ba898,0x0000000084300000)
 Metaspace       used 48938K, committed 50240K, reserved 1114112K
  class space    used 5334K, committed 5824K, reserved 1048576K
GC Heap History (20 events):
Event: 6.768 GC heap before
{Heap before GC invocations=16 (full 2):
 PSYoungGen      total 22528K, used 433K [0x00000000d5580000, 0x00000000d7000000, 0x0000000100000000)
  eden space 22016K, 0% used [0x00000000d5580000,0x00000000d5580000,0x00000000d6b00000)
  from space 512K, 84% used [0x00000000d6f80000,0x00000000d6fec760,0x00000000d7000000)
  to   space 1024K, 0% used [0x00000000d6e00000,0x00000000d6e00000,0x00000000d6f00000)
 ParOldGen       total 68608K, used 19475K [0x0000000080000000, 0x0000000084300000, 0x00000000d5580000)
  object space 68608K, 28% used [0x0000000080000000,0x0000000081304d78,0x0000000084300000)
 Metaspace       used 35143K, committed 36160K, reserved 1114112K
  class space    used 3674K, committed 4096K, reserved 1048576K
}
Event: 6.801 GC heap after
{Heap after GC invocations=16 (full 2):
 PSYoungGen      total 22528K, used 0K [0x00000000d5580000, 0x00000000d7000000, 0x0000000100000000)
  eden space 22016K, 0% used [0x00000000d5580000,0x00000000d5580000,0x00000000d6b00000)
  from space 512K, 0% used [0x00000000d6f80000,0x00000000d6f80000,0x00000000d7000000)
  to   space 1024K, 0% used [0x00000000d6e00000,0x00000000d6e00000,0x00000000d6f00000)
 ParOldGen       total 68608K, used 18511K [0x0000000080000000, 0x0000000084300000, 0x00000000d5580000)
  object space 68608K, 26% used [0x0000000080000000,0x0000000081213d50,0x0000000084300000)
 Metaspace       used 35143K, committed 36160K, reserved 1114112K
  class space    used 3674K, committed 4096K, reserved 1048576K
}
Event: 7.032 GC heap before
{Heap before GC invocations=17 (full 2):
 PSYoungGen      total 22528K, used 22016K [0x00000000d5580000, 0x00000000d7000000, 0x0000000100000000)
  eden space 22016K, 100% used [0x00000000d5580000,0x00000000d6b00000,0x00000000d6b00000)
  from space 512K, 0% used [0x00000000d6f80000,0x00000000d6f80000,0x00000000d7000000)
  to   space 1024K, 0% used [0x00000000d6e00000,0x00000000d6e00000,0x00000000d6f00000)
 ParOldGen       total 68608K, used 18511K [0x0000000080000000, 0x0000000084300000, 0x00000000d5580000)
  object space 68608K, 26% used [0x0000000080000000,0x0000000081213fd0,0x0000000084300000)
 Metaspace       used 37702K, committed 38912K, reserved 1114112K
  class space    used 3981K, committed 4480K, reserved 1048576K
}
Event: 7.056 GC heap after
{Heap after GC invocations=17 (full 2):
 PSYoungGen      total 23040K, used 998K [0x00000000d5580000, 0x00000000d7100000, 0x0000000100000000)
  eden space 22016K, 0% used [0x00000000d5580000,0x00000000d5580000,0x00000000d6b00000)
  from space 1024K, 97% used [0x00000000d6e00000,0x00000000d6ef99f8,0x00000000d6f00000)
  to   space 2048K, 0% used [0x00000000d6f00000,0x00000000d6f00000,0x00000000d7100000)
 ParOldGen       total 68608K, used 19772K [0x0000000080000000, 0x0000000084300000, 0x00000000d5580000)
  object space 68608K, 28% used [0x0000000080000000,0x000000008134f078,0x0000000084300000)
 Metaspace       used 37702K, committed 38912K, reserved 1114112K
  class space    used 3981K, committed 4480K, reserved 1048576K
}
Event: 7.650 GC heap before
{Heap before GC invocations=18 (full 2):
 PSYoungGen      total 23040K, used 23014K [0x00000000d5580000, 0x00000000d7100000, 0x0000000100000000)
  eden space 22016K, 100% used [0x00000000d5580000,0x00000000d6b00000,0x00000000d6b00000)
  from space 1024K, 97% used [0x00000000d6e00000,0x00000000d6ef99f8,0x00000000d6f00000)
  to   space 2048K, 0% used [0x00000000d6f00000,0x00000000d6f00000,0x00000000d7100000)
 ParOldGen       total 68608K, used 19772K [0x0000000080000000, 0x0000000084300000, 0x00000000d5580000)
  object space 68608K, 28% used [0x0000000080000000,0x000000008134f078,0x0000000084300000)
 Metaspace       used 39985K, committed 41216K, reserved 1114112K
  class space    used 4292K, committed 4800K, reserved 1048576K
}
Event: 7.656 GC heap after
{Heap after GC invocations=18 (full 2):
 PSYoungGen      total 23552K, used 1472K [0x00000000d5580000, 0x00000000d7080000, 0x0000000100000000)
  eden space 22016K, 0% used [0x00000000d5580000,0x00000000d5580000,0x00000000d6b00000)
  from space 1536K, 95% used [0x00000000d6f00000,0x00000000d7070000,0x00000000d7080000)
  to   space 2048K, 0% used [0x00000000d6c80000,0x00000000d6c80000,0x00000000d6e80000)
 ParOldGen       total 68608K, used 20723K [0x0000000080000000, 0x0000000084300000, 0x00000000d5580000)
  object space 68608K, 30% used [0x0000000080000000,0x000000008143ce18,0x0000000084300000)
 Metaspace       used 39985K, committed 41216K, reserved 1114112K
  class space    used 4292K, committed 4800K, reserved 1048576K
}
Event: 8.118 GC heap before
{Heap before GC invocations=19 (full 2):
 PSYoungGen      total 23552K, used 23488K [0x00000000d5580000, 0x00000000d7080000, 0x0000000100000000)
  eden space 22016K, 100% used [0x00000000d5580000,0x00000000d6b00000,0x00000000d6b00000)
  from space 1536K, 95% used [0x00000000d6f00000,0x00000000d7070000,0x00000000d7080000)
  to   space 2048K, 0% used [0x00000000d6c80000,0x00000000d6c80000,0x00000000d6e80000)
 ParOldGen       total 68608K, used 20723K [0x0000000080000000, 0x0000000084300000, 0x00000000d5580000)
  object space 68608K, 30% used [0x0000000080000000,0x000000008143ce18,0x0000000084300000)
 Metaspace       used 42549K, committed 43776K, reserved 1114112K
  class space    used 4587K, committed 5120K, reserved 1048576K
}
Event: 8.123 GC heap after
{Heap after GC invocations=19 (full 2):
 PSYoungGen      total 24064K, used 1792K [0x00000000d5580000, 0x00000000d6f80000, 0x0000000100000000)
  eden space 22016K, 0% used [0x00000000d5580000,0x00000000d5580000,0x00000000d6b00000)
  from space 2048K, 87% used [0x00000000d6c80000,0x00000000d6e40000,0x00000000d6e80000)
  to   space 1024K, 0% used [0x00000000d6e80000,0x00000000d6e80000,0x00000000d6f80000)
 ParOldGen       total 68608K, used 21953K [0x0000000080000000, 0x0000000084300000, 0x00000000d5580000)
  object space 68608K, 31% used [0x0000000080000000,0x00000000815706a0,0x0000000084300000)
 Metaspace       used 42549K, committed 43776K, reserved 1114112K
  class space    used 4587K, committed 5120K, reserved 1048576K
}
Event: 8.779 GC heap before
{Heap before GC invocations=20 (full 2):
 PSYoungGen      total 24064K, used 23808K [0x00000000d5580000, 0x00000000d6f80000, 0x0000000100000000)
  eden space 22016K, 100% used [0x00000000d5580000,0x00000000d6b00000,0x00000000d6b00000)
  from space 2048K, 87% used [0x00000000d6c80000,0x00000000d6e40000,0x00000000d6e80000)
  to   space 1024K, 0% used [0x00000000d6e80000,0x00000000d6e80000,0x00000000d6f80000)
 ParOldGen       total 68608K, used 21953K [0x0000000080000000, 0x0000000084300000, 0x00000000d5580000)
  object space 68608K, 31% used [0x0000000080000000,0x00000000815706a0,0x0000000084300000)
 Metaspace       used 43871K, committed 45056K, reserved 1114112K
  class space    used 4766K, committed 5248K, reserved 1048576K
}
Event: 8.791 GC heap after
{Heap after GC invocations=20 (full 2):
 PSYoungGen      total 12288K, used 1024K [0x00000000d5580000, 0x00000000d8700000, 0x0000000100000000)
  eden space 11264K, 0% used [0x00000000d5580000,0x00000000d5580000,0x00000000d6080000)
  from space 1024K, 100% used [0x00000000d6e80000,0x00000000d6f80000,0x00000000d6f80000)
  to   space 14336K, 0% used [0x00000000d6080000,0x00000000d6080000,0x00000000d6e80000)
 ParOldGen       total 68608K, used 33070K [0x0000000080000000, 0x0000000084300000, 0x00000000d5580000)
  object space 68608K, 48% used [0x0000000080000000,0x000000008204bb08,0x0000000084300000)
 Metaspace       used 43871K, committed 45056K, reserved 1114112K
  class space    used 4766K, committed 5248K, reserved 1048576K
}
Event: 9.016 GC heap before
{Heap before GC invocations=21 (full 2):
 PSYoungGen      total 12288K, used 12288K [0x00000000d5580000, 0x00000000d8700000, 0x0000000100000000)
  eden space 11264K, 100% used [0x00000000d5580000,0x00000000d6080000,0x00000000d6080000)
  from space 1024K, 100% used [0x00000000d6e80000,0x00000000d6f80000,0x00000000d6f80000)
  to   space 14336K, 0% used [0x00000000d6080000,0x00000000d6080000,0x00000000d6e80000)
 ParOldGen       total 68608K, used 33070K [0x0000000080000000, 0x0000000084300000, 0x00000000d5580000)
  object space 68608K, 48% used [0x0000000080000000,0x000000008204bb08,0x0000000084300000)
 Metaspace       used 45156K, committed 46336K, reserved 1114112K
  class space    used 4934K, committed 5440K, reserved 1048576K
}
Event: 9.020 GC heap after
{Heap after GC invocations=21 (full 2):
 PSYoungGen      total 12288K, used 752K [0x00000000d5580000, 0x00000000d6f00000, 0x0000000100000000)
  eden space 11264K, 0% used [0x00000000d5580000,0x00000000d5580000,0x00000000d6080000)
  from space 1024K, 73% used [0x00000000d6080000,0x00000000d613c010,0x00000000d6180000)
  to   space 5120K, 0% used [0x00000000d6a00000,0x00000000d6a00000,0x00000000d6f00000)
 ParOldGen       total 68608K, used 34102K [0x0000000080000000, 0x0000000084300000, 0x00000000d5580000)
  object space 68608K, 49% used [0x0000000080000000,0x000000008214db08,0x0000000084300000)
 Metaspace       used 45156K, committed 46336K, reserved 1114112K
  class space    used 4934K, committed 5440K, reserved 1048576K
}
Event: 9.767 GC heap before
{Heap before GC invocations=22 (full 2):
 PSYoungGen      total 12288K, used 12016K [0x00000000d5580000, 0x00000000d6f00000, 0x0000000100000000)
  eden space 11264K, 100% used [0x00000000d5580000,0x00000000d6080000,0x00000000d6080000)
  from space 1024K, 73% used [0x00000000d6080000,0x00000000d613c010,0x00000000d6180000)
  to   space 5120K, 0% used [0x00000000d6a00000,0x00000000d6a00000,0x00000000d6f00000)
 ParOldGen       total 68608K, used 34102K [0x0000000080000000, 0x0000000084300000, 0x00000000d5580000)
  object space 68608K, 49% used [0x0000000080000000,0x000000008214db08,0x0000000084300000)
 Metaspace       used 46348K, committed 47552K, reserved 1114112K
  class space    used 5071K, committed 5568K, reserved 1048576K
}
Event: 9.771 GC heap after
{Heap after GC invocations=22 (full 2):
 PSYoungGen      total 12288K, used 825K [0x00000000d5580000, 0x00000000d6b00000, 0x0000000100000000)
  eden space 11264K, 0% used [0x00000000d5580000,0x00000000d5580000,0x00000000d6080000)
  from space 1024K, 80% used [0x00000000d6a00000,0x00000000d6ace5e0,0x00000000d6b00000)
  to   space 1536K, 0% used [0x00000000d6800000,0x00000000d6800000,0x00000000d6980000)
 ParOldGen       total 68608K, used 34731K [0x0000000080000000, 0x0000000084300000, 0x00000000d5580000)
  object space 68608K, 50% used [0x0000000080000000,0x00000000821ead18,0x0000000084300000)
 Metaspace       used 46348K, committed 47552K, reserved 1114112K
  class space    used 5071K, committed 5568K, reserved 1048576K
}
Event: 25.817 GC heap before
{Heap before GC invocations=23 (full 2):
 PSYoungGen      total 12288K, used 12089K [0x00000000d5580000, 0x00000000d6b00000, 0x0000000100000000)
  eden space 11264K, 100% used [0x00000000d5580000,0x00000000d6080000,0x00000000d6080000)
  from space 1024K, 80% used [0x00000000d6a00000,0x00000000d6ace5e0,0x00000000d6b00000)
  to   space 1536K, 0% used [0x00000000d6800000,0x00000000d6800000,0x00000000d6980000)
 ParOldGen       total 68608K, used 34731K [0x0000000080000000, 0x0000000084300000, 0x00000000d5580000)
  object space 68608K, 50% used [0x0000000080000000,0x00000000821ead18,0x0000000084300000)
 Metaspace       used 46797K, committed 48000K, reserved 1114112K
  class space    used 5110K, committed 5568K, reserved 1048576K
}
Event: 25.819 GC heap after
{Heap after GC invocations=23 (full 2):
 PSYoungGen      total 12800K, used 397K [0x00000000d5580000, 0x00000000d6a80000, 0x0000000100000000)
  eden space 11264K, 0% used [0x00000000d5580000,0x00000000d5580000,0x00000000d6080000)
  from space 1536K, 25% used [0x00000000d6800000,0x00000000d6863610,0x00000000d6980000)
  to   space 1024K, 0% used [0x00000000d6980000,0x00000000d6980000,0x00000000d6a80000)
 ParOldGen       total 68608K, used 35424K [0x0000000080000000, 0x0000000084300000, 0x00000000d5580000)
  object space 68608K, 51% used [0x0000000080000000,0x0000000082298170,0x0000000084300000)
 Metaspace       used 46797K, committed 48000K, reserved 1114112K
  class space    used 5110K, committed 5568K, reserved 1048576K
}
Event: 29.405 GC heap before
{Heap before GC invocations=24 (full 2):
 PSYoungGen      total 12800K, used 11661K [0x00000000d5580000, 0x00000000d6a80000, 0x0000000100000000)
  eden space 11264K, 100% used [0x00000000d5580000,0x00000000d6080000,0x00000000d6080000)
  from space 1536K, 25% used [0x00000000d6800000,0x00000000d6863610,0x00000000d6980000)
  to   space 1024K, 0% used [0x00000000d6980000,0x00000000d6980000,0x00000000d6a80000)
 ParOldGen       total 68608K, used 35424K [0x0000000080000000, 0x0000000084300000, 0x00000000d5580000)
  object space 68608K, 51% used [0x0000000080000000,0x0000000082298170,0x0000000084300000)
 Metaspace       used 46886K, committed 48128K, reserved 1114112K
  class space    used 5125K, committed 5632K, reserved 1048576K
}
Event: 29.406 GC heap after
{Heap after GC invocations=24 (full 2):
 PSYoungGen      total 12288K, used 608K [0x00000000d5580000, 0x00000000d6a80000, 0x0000000100000000)
  eden space 11264K, 0% used [0x00000000d5580000,0x00000000d5580000,0x00000000d6080000)
  from space 1024K, 59% used [0x00000000d6980000,0x00000000d6a18000,0x00000000d6a80000)
  to   space 1024K, 0% used [0x00000000d6880000,0x00000000d6880000,0x00000000d6980000)
 ParOldGen       total 68608K, used 35592K [0x0000000080000000, 0x0000000084300000, 0x00000000d5580000)
  object space 68608K, 51% used [0x0000000080000000,0x00000000822c2180,0x0000000084300000)
 Metaspace       used 46886K, committed 48128K, reserved 1114112K
  class space    used 5125K, committed 5632K, reserved 1048576K
}
Event: 40.811 GC heap before
{Heap before GC invocations=25 (full 2):
 PSYoungGen      total 12288K, used 11872K [0x00000000d5580000, 0x00000000d6a80000, 0x0000000100000000)
  eden space 11264K, 100% used [0x00000000d5580000,0x00000000d6080000,0x00000000d6080000)
  from space 1024K, 59% used [0x00000000d6980000,0x00000000d6a18000,0x00000000d6a80000)
  to   space 1024K, 0% used [0x00000000d6880000,0x00000000d6880000,0x00000000d6980000)
 ParOldGen       total 68608K, used 35592K [0x0000000080000000, 0x0000000084300000, 0x00000000d5580000)
  object space 68608K, 51% used [0x0000000080000000,0x00000000822c2180,0x0000000084300000)
 Metaspace       used 47802K, committed 49088K, reserved 1114112K
  class space    used 5224K, committed 5760K, reserved 1048576K
}
Event: 40.814 GC heap after
{Heap after GC invocations=25 (full 2):
 PSYoungGen      total 12288K, used 696K [0x00000000d5580000, 0x00000000d6a00000, 0x0000000100000000)
  eden space 11264K, 0% used [0x00000000d5580000,0x00000000d5580000,0x00000000d6080000)
  from space 1024K, 68% used [0x00000000d6880000,0x00000000d692e1a8,0x00000000d6980000)
  to   space 512K, 0% used [0x00000000d6980000,0x00000000d6980000,0x00000000d6a00000)
 ParOldGen       total 68608K, used 36072K [0x0000000080000000, 0x0000000084300000, 0x00000000d5580000)
  object space 68608K, 52% used [0x0000000080000000,0x000000008233a180,0x0000000084300000)
 Metaspace       used 47802K, committed 49088K, reserved 1114112K
  class space    used 5224K, committed 5760K, reserved 1048576K
}

