# JRE version: OpenJDK Runtime Environment Temurin-21.0.9+10 (21.0.9+10) (build 21.0.9+10-LTS)
# Java VM: OpenJDK 64-Bit Server VM Temurin-21.0.9+10 (21.0.9+10-LTS, mixed mode, sharing, tiered, compressed oops, compressed class ptrs, parallel gc, windows-amd64)
GC Precious Log:
 CardTable entry size: 512
 CPUs: 8 total, 8 available
 Memory: 7991M
 Large Page Support: Disabled
 NUMA Support: Disabled
 Compressed Oops: Enabled (32-bit)
 Alignments: Space 512K, Generation 512K, Heap 2M
 Heap Min Capacity: 100M
 Heap Initial Capacity: 100M
 Heap Max Capacity: 2G
 Pre-touch: Disabled
 Parallel Workers: 8
Heap:
 PSYoungGen      total 16384K, used 12444K [0x00000000d5580000, 0x00000000d6980000, 0x0000000100000000)
  eden space 15872K, 76% used [0x00000000d5580000,0x00000000d61671d8,0x00000000d6500000)
  from space 512K, 50% used [0x00000000d6900000,0x00000000d6940000,0x00000000d6980000)
  to   space 512K, 0% used [0x00000000d6880000,0x00000000d6880000,0x00000000d6900000)
 ParOldGen       total 77312K, used 76971K [0x0000000080000000, 0x0000000084b80000, 0x00000000d5580000)
  object space 77312K, 99% used [0x0000000080000000,0x0000000084b2ad38,0x0000000084b80000)
 Metaspace       used 61778K, committed 63232K, reserved 1114112K
  class space    used 6544K, committed 7168K, reserved 1048576K
GC Heap History (20 events):
Event: 24.379 GC heap before
{Heap before GC invocations=69 (full 3):
 PSYoungGen      total 17920K, used 15872K [0x00000000d5580000, 0x00000000d6900000, 0x0000000100000000)
  eden space 15872K, 100% used [0x00000000d5580000,0x00000000d6500000,0x00000000d6500000)
  from space 2048K, 0% used [0x00000000d6500000,0x00000000d6500000,0x00000000d6700000)
  to   space 1536K, 0% used [0x00000000d6780000,0x00000000d6780000,0x00000000d6900000)
 ParOldGen       total 74240K, used 65489K [0x0000000080000000, 0x0000000084880000, 0x00000000d5580000)
  object space 74240K, 88% used [0x0000000080000000,0x0000000083ff46d8,0x0000000084880000)
 Metaspace       used 58931K, committed 60288K, reserved 1114112K
  class space    used 6308K, committed 6912K, reserved 1048576K
}
Event: 24.388 GC heap after
{Heap after GC invocations=69 (full 3):
 PSYoungGen      total 16896K, used 768K [0x00000000d5580000, 0x00000000d6880000, 0x0000000100000000)
  eden space 15872K, 0% used [0x00000000d5580000,0x00000000d5580000,0x00000000d6500000)
  from space 1024K, 75% used [0x00000000d6780000,0x00000000d6840020,0x00000000d6880000)
  to   space 1024K, 0% used [0x00000000d6680000,0x00000000d6680000,0x00000000d6780000)
 ParOldGen       total 74240K, used 65497K [0x0000000080000000, 0x0000000084880000, 0x00000000d5580000)
  object space 74240K, 88% used [0x0000000080000000,0x0000000083ff66d8,0x0000000084880000)
 Metaspace       used 58931K, committed 60288K, reserved 1114112K
  class space    used 6308K, committed 6912K, reserved 1048576K
}
Event: 25.972 GC heap before
{Heap before GC invocations=70 (full 3):
 PSYoungGen      total 16896K, used 16640K [0x00000000d5580000, 0x00000000d6880000, 0x0000000100000000)
  eden space 15872K, 100% used [0x00000000d5580000,0x00000000d6500000,0x00000000d6500000)
  from space 1024K, 75% used [0x00000000d6780000,0x00000000d6840020,0x00000000d6880000)
  to   space 1024K, 0% used [0x00000000d6680000,0x00000000d6680000,0x00000000d6780000)
 ParOldGen       total 74240K, used 65497K [0x0000000080000000, 0x0000000084880000, 0x00000000d5580000)
  object space 74240K, 88% used [0x0000000080000000,0x0000000083ff66d8,0x0000000084880000)
 Metaspace       used 58991K, committed 60416K, reserved 1114112K
  class space    used 6309K, committed 6912K, reserved 1048576K
}
Event: 26.009 GC heap after
{Heap after GC invocations=70 (full 3):
 PSYoungGen      total 16896K, used 1000K [0x00000000d5580000, 0x00000000d6900000, 0x0000000100000000)
  eden space 15872K, 0% used [0x00000000d5580000,0x00000000d5580000,0x00000000d6500000)
  from space 1024K, 97% used [0x00000000d6680000,0x00000000d677a118,0x00000000d6780000)
  to   space 1536K, 0% used [0x00000000d6780000,0x00000000d6780000,0x00000000d6900000)
 ParOldGen       total 74240K, used 66282K [0x0000000080000000, 0x0000000084880000, 0x00000000d5580000)
  object space 74240K, 89% used [0x0000000080000000,0x00000000840bab78,0x0000000084880000)
 Metaspace       used 58991K, committed 60416K, reserved 1114112K
  class space    used 6309K, committed 6912K, reserved 1048576K
}
Event: 26.841 GC heap before
{Heap before GC invocations=71 (full 3):
 PSYoungGen      total 16896K, used 16872K [0x00000000d5580000, 0x00000000d6900000, 0x0000000100000000)
  eden space 15872K, 100% used [0x00000000d5580000,0x00000000d6500000,0x00000000d6500000)
  from space 1024K, 97% used [0x00000000d6680000,0x00000000d677a118,0x00000000d6780000)
  to   space 1536K, 0% used [0x00000000d6780000,0x00000000d6780000,0x00000000d6900000)
 ParOldGen       total 74240K, used 66282K [0x0000000080000000, 0x0000000084880000, 0x00000000d5580000)
  object space 74240K, 89% used [0x0000000080000000,0x00000000840bab78,0x0000000084880000)
 Metaspace       used 59800K, committed 61184K, reserved 1114112K
  class space    used 6405K, committed 6976K, reserved 1048576K
}
Event: 26.848 GC heap after
{Heap after GC invocations=71 (full 3):
 PSYoungGen      total 17408K, used 1312K [0x00000000d5580000, 0x00000000d6900000, 0x0000000100000000)
  eden space 15872K, 0% used [0x00000000d5580000,0x00000000d5580000,0x00000000d6500000)
  from space 1536K, 85% used [0x00000000d6780000,0x00000000d68c8060,0x00000000d6900000)
  to   space 1536K, 0% used [0x00000000d6600000,0x00000000d6600000,0x00000000d6780000)
 ParOldGen       total 74240K, used 66458K [0x0000000080000000, 0x0000000084880000, 0x00000000d5580000)
  object space 74240K, 89% used [0x0000000080000000,0x00000000840e6b88,0x0000000084880000)
 Metaspace       used 59800K, committed 61184K, reserved 1114112K
  class space    used 6405K, committed 6976K, reserved 1048576K
}
Event: 27.080 GC heap before
{Heap before GC invocations=72 (full 3):
 PSYoungGen      total 17408K, used 17184K [0x00000000d5580000, 0x00000000d6900000, 0x0000000100000000)
  eden space 15872K, 100% used [0x00000000d5580000,0x00000000d6500000,0x00000000d6500000)
  from space 1536K, 85% used [0x00000000d6780000,0x00000000d68c8060,0x00000000d6900000)
  to   space 1536K, 0% used [0x00000000d6600000,0x00000000d6600000,0x00000000d6780000)
 ParOldGen       total 74240K, used 66458K [0x0000000080000000, 0x0000000084880000, 0x00000000d5580000)
  object space 74240K, 89% used [0x0000000080000000,0x00000000840e6b88,0x0000000084880000)
 Metaspace       used 60046K, committed 61504K, reserved 1114112K
  class space    used 6420K, committed 7040K, reserved 1048576K
}
Event: 27.083 GC heap after
{Heap after GC invocations=72 (full 3):
 PSYoungGen      total 17408K, used 1504K [0x00000000d5580000, 0x00000000d6e00000, 0x0000000100000000)
  eden space 15872K, 0% used [0x00000000d5580000,0x00000000d5580000,0x00000000d6500000)
  from space 1536K, 97% used [0x00000000d6600000,0x00000000d6778180,0x00000000d6780000)
  to   space 4608K, 0% used [0x00000000d6980000,0x00000000d6980000,0x00000000d6e00000)
 ParOldGen       total 74240K, used 68772K [0x0000000080000000, 0x0000000084880000, 0x00000000d5580000)
  object space 74240K, 92% used [0x0000000080000000,0x0000000084329138,0x0000000084880000)
 Metaspace       used 60046K, committed 61504K, reserved 1114112K
  class space    used 6420K, committed 7040K, reserved 1048576K
}
Event: 27.138 GC heap before
{Heap before GC invocations=73 (full 3):
 PSYoungGen      total 17408K, used 17367K [0x00000000d5580000, 0x00000000d6e00000, 0x0000000100000000)
  eden space 15872K, 99% used [0x00000000d5580000,0x00000000d64fdd40,0x00000000d6500000)
  from space 1536K, 97% used [0x00000000d6600000,0x00000000d6778180,0x00000000d6780000)
  to   space 4608K, 0% used [0x00000000d6980000,0x00000000d6980000,0x00000000d6e00000)
 ParOldGen       total 74240K, used 68772K [0x0000000080000000, 0x0000000084880000, 0x00000000d5580000)
  object space 74240K, 92% used [0x0000000080000000,0x0000000084329138,0x0000000084880000)
 Metaspace       used 60057K, committed 61504K, reserved 1114112K
  class space    used 6420K, committed 7040K, reserved 1048576K
}
Event: 27.139 GC heap after
{Heap after GC invocations=73 (full 3):
 PSYoungGen      total 17408K, used 1387K [0x00000000d5580000, 0x00000000d6b00000, 0x0000000100000000)
  eden space 15872K, 0% used [0x00000000d5580000,0x00000000d5580000,0x00000000d6500000)
  from space 1536K, 90% used [0x00000000d6980000,0x00000000d6adaea0,0x00000000d6b00000)
  to   space 2560K, 0% used [0x00000000d6600000,0x00000000d6600000,0x00000000d6880000)
 ParOldGen       total 74240K, used 69027K [0x0000000080000000, 0x0000000084880000, 0x00000000d5580000)
  object space 74240K, 92% used [0x0000000080000000,0x0000000084368cb0,0x0000000084880000)
 Metaspace       used 60057K, committed 61504K, reserved 1114112K
  class space    used 6420K, committed 7040K, reserved 1048576K
}
Event: 27.644 GC heap before
{Heap before GC invocations=74 (full 3):
 PSYoungGen      total 17408K, used 16758K [0x00000000d5580000, 0x00000000d6b00000, 0x0000000100000000)
  eden space 15872K, 96% used [0x00000000d5580000,0x00000000d6482cc0,0x00000000d6500000)
  from space 1536K, 90% used [0x00000000d6980000,0x00000000d6adaea0,0x00000000d6b00000)
  to   space 2560K, 0% used [0x00000000d6600000,0x00000000d6600000,0x00000000d6880000)
 ParOldGen       total 74240K, used 69027K [0x0000000080000000, 0x0000000084880000, 0x00000000d5580000)
  object space 74240K, 92% used [0x0000000080000000,0x0000000084368cb0,0x0000000084880000)
 Metaspace       used 61372K, committed 62784K, reserved 1114112K
  class space    used 6538K, committed 7168K, reserved 1048576K
}
Event: 27.648 GC heap after
{Heap after GC invocations=74 (full 3):
 PSYoungGen      total 18432K, used 718K [0x00000000d5580000, 0x00000000d6a00000, 0x0000000100000000)
  eden space 15872K, 0% used [0x00000000d5580000,0x00000000d5580000,0x00000000d6500000)
  from space 2560K, 28% used [0x00000000d6600000,0x00000000d66b3938,0x00000000d6880000)
  to   space 1536K, 0% used [0x00000000d6880000,0x00000000d6880000,0x00000000d6a00000)
 ParOldGen       total 74240K, used 69051K [0x0000000080000000, 0x0000000084880000, 0x00000000d5580000)
  object space 74240K, 93% used [0x0000000080000000,0x000000008436ecb0,0x0000000084880000)
 Metaspace       used 61372K, committed 62784K, reserved 1114112K
  class space    used 6538K, committed 7168K, reserved 1048576K
}
Event: 27.722 GC heap before
{Heap before GC invocations=75 (full 3):
 PSYoungGen      total 18432K, used 15665K [0x00000000d5580000, 0x00000000d6a00000, 0x0000000100000000)
  eden space 15872K, 94% used [0x00000000d5580000,0x00000000d6418cb8,0x00000000d6500000)
  from space 2560K, 28% used [0x00000000d6600000,0x00000000d66b3938,0x00000000d6880000)
  to   space 1536K, 0% used [0x00000000d6880000,0x00000000d6880000,0x00000000d6a00000)
 ParOldGen       total 74240K, used 69051K [0x0000000080000000, 0x0000000084880000, 0x00000000d5580000)
  object space 74240K, 93% used [0x0000000080000000,0x000000008436ecb0,0x0000000084880000)
 Metaspace       used 61389K, committed 62784K, reserved 1114112K
  class space    used 6538K, committed 7168K, reserved 1048576K
}
Event: 27.724 GC heap after
{Heap after GC invocations=75 (full 3):
 PSYoungGen      total 16384K, used 320K [0x00000000d5580000, 0x00000000d6900000, 0x0000000100000000)
  eden space 15872K, 0% used [0x00000000d5580000,0x00000000d5580000,0x00000000d6500000)
  from space 512K, 62% used [0x00000000d6880000,0x00000000d68d0000,0x00000000d6900000)
  to   space 1024K, 0% used [0x00000000d6700000,0x00000000d6700000,0x00000000d6800000)
 ParOldGen       total 74240K, used 69661K [0x0000000080000000, 0x0000000084880000, 0x00000000d5580000)
  object space 74240K, 93% used [0x0000000080000000,0x0000000084407400,0x0000000084880000)
 Metaspace       used 61389K, committed 62784K, reserved 1114112K
  class space    used 6538K, committed 7168K, reserved 1048576K
}
Event: 29.205 GC heap before
{Heap before GC invocations=76 (full 3):
 PSYoungGen      total 16384K, used 16151K [0x00000000d5580000, 0x00000000d6900000, 0x0000000100000000)
  eden space 15872K, 99% used [0x00000000d5580000,0x00000000d64f5d00,0x00000000d6500000)
  from space 512K, 62% used [0x00000000d6880000,0x00000000d68d0000,0x00000000d6900000)
  to   space 1024K, 0% used [0x00000000d6700000,0x00000000d6700000,0x00000000d6800000)
 ParOldGen       total 74240K, used 69661K [0x0000000080000000, 0x0000000084880000, 0x00000000d5580000)
  object space 74240K, 93% used [0x0000000080000000,0x0000000084407400,0x0000000084880000)
 Metaspace       used 61542K, committed 62976K, reserved 1114112K
  class space    used 6542K, committed 7168K, reserved 1048576K
}
Event: 29.227 GC heap after
{Heap after GC invocations=76 (full 3):
 PSYoungGen      total 16896K, used 1018K [0x00000000d5580000, 0x00000000d6e00000, 0x0000000100000000)
  eden space 15872K, 0% used [0x00000000d5580000,0x00000000d5580000,0x00000000d6500000)
  from space 1024K, 99% used [0x00000000d6700000,0x00000000d67fe828,0x00000000d6800000)
  to   space 4608K, 0% used [0x00000000d6980000,0x00000000d6980000,0x00000000d6e00000)
 ParOldGen       total 74240K, used 72447K [0x0000000080000000, 0x0000000084880000, 0x00000000d5580000)
  object space 74240K, 97% used [0x0000000080000000,0x00000000846bfd98,0x0000000084880000)
 Metaspace       used 61542K, committed 62976K, reserved 1114112K
  class space    used 6542K, committed 7168K, reserved 1048576K
}
Event: 30.481 GC heap before
{Heap before GC invocations=77 (full 3):
 PSYoungGen      total 16896K, used 16890K [0x00000000d5580000, 0x00000000d6e00000, 0x0000000100000000)
  eden space 15872K, 100% used [0x00000000d5580000,0x00000000d6500000,0x00000000d6500000)
  from space 1024K, 99% used [0x00000000d6700000,0x00000000d67fe828,0x00000000d6800000)
  to   space 4608K, 0% used [0x00000000d6980000,0x00000000d6980000,0x00000000d6e00000)
 ParOldGen       total 74240K, used 72447K [0x0000000080000000, 0x0000000084880000, 0x00000000d5580000)
  object space 74240K, 97% used [0x0000000080000000,0x00000000846bfd98,0x0000000084880000)
 Metaspace       used 61654K, committed 63040K, reserved 1114112K
  class space    used 6543K, committed 7168K, reserved 1048576K
}
Event: 30.497 GC heap after
{Heap after GC invocations=77 (full 3):
 PSYoungGen      total 16896K, used 788K [0x00000000d5580000, 0x00000000d6a80000, 0x0000000100000000)
  eden space 15872K, 0% used [0x00000000d5580000,0x00000000d5580000,0x00000000d6500000)
  from space 1024K, 77% used [0x00000000d6980000,0x00000000d6a45200,0x00000000d6a80000)
  to   space 2048K, 0% used [0x00000000d6680000,0x00000000d6680000,0x00000000d6880000)
 ParOldGen       total 74240K, used 73473K [0x0000000080000000, 0x0000000084880000, 0x00000000d5580000)
  object space 74240K, 98% used [0x0000000080000000,0x00000000847c04e8,0x0000000084880000)
 Metaspace       used 61654K, committed 63040K, reserved 1114112K
  class space    used 6543K, committed 7168K, reserved 1048576K
}
Event: 30.533 GC heap before
{Heap before GC invocations=78 (full 3):
 PSYoungGen      total 16896K, used 16660K [0x00000000d5580000, 0x00000000d6a80000, 0x0000000100000000)
  eden space 15872K, 100% used [0x00000000d5580000,0x00000000d6500000,0x00000000d6500000)
  from space 1024K, 77% used [0x00000000d6980000,0x00000000d6a45200,0x00000000d6a80000)
  to   space 2048K, 0% used [0x00000000d6680000,0x00000000d6680000,0x00000000d6880000)
 ParOldGen       total 74240K, used 73473K [0x0000000080000000, 0x0000000084880000, 0x00000000d5580000)
  object space 74240K, 98% used [0x0000000080000000,0x00000000847c04e8,0x0000000084880000)
 Metaspace       used 61674K, committed 63104K, reserved 1114112K
  class space    used 6543K, committed 7168K, reserved 1048576K
}
Event: 30.535 GC heap after
{Heap after GC invocations=78 (full 3):
 PSYoungGen      total 17920K, used 250K [0x00000000d5580000, 0x00000000d6a00000, 0x0000000100000000)
  eden space 15872K, 0% used [0x00000000d5580000,0x00000000d5580000,0x00000000d6500000)
  from space 2048K, 12% used [0x00000000d6680000,0x00000000d66be900,0x00000000d6880000)
  to   space 1024K, 0% used [0x00000000d6900000,0x00000000d6900000,0x00000000d6a00000)
 ParOldGen       total 74240K, used 74065K [0x0000000080000000, 0x0000000084880000, 0x00000000d5580000)
  object space 74240K, 99% used [0x0000000080000000,0x00000000848544e8,0x0000000084880000)
 Metaspace       used 61674K, committed 63104K, reserved 1114112K
  class space    used 6543K, committed 7168K, reserved 1048576K
}

