# JRE version: OpenJDK Runtime Environment Temurin-21.0.9+10 (21.0.9+10) (build 21.0.9+10-LTS)
# Java VM: OpenJDK 64-Bit Server VM Temurin-21.0.9+10 (21.0.9+10-LTS, mixed mode, sharing, tiered, compressed oops, compressed class ptrs, parallel gc, windows-amd64)
GC Precious Log:
 CardTable entry size: 512
 CPUs: 8 total, 8 available
 Memory: 7991M
 Large Page Support: Disabled
 NUMA Support: Disabled
 Compressed Oops: Enabled (32-bit)
 Alignments: Space 512K, Generation 512K, Heap 2M
 Heap Min Capacity: 100M
 Heap Initial Capacity: 100M
 Heap Max Capacity: 2G
 Pre-touch: Disabled
 Parallel Workers: 8
Heap:
 PSYoungGen      total 9216K, used 8484K [0x00000000d5580000, 0x00000000d6200000, 0x0000000100000000)
  eden space 8704K, 97% used [0x00000000d5580000,0x00000000d5dc91a0,0x00000000d5e00000)
  from space 512K, 0% used [0x00000000d6180000,0x00000000d6180000,0x00000000d6200000)
  to   space 1024K, 0% used [0x00000000d6000000,0x00000000d6000000,0x00000000d6100000)
 ParOldGen       total 81408K, used 61980K [0x0000000080000000, 0x0000000084f80000, 0x00000000d5580000)
  object space 81408K, 76% used [0x0000000080000000,0x0000000083c87280,0x0000000084f80000)
 Metaspace       used 59140K, committed 60544K, reserved 1114112K
  class space    used 6329K, committed 6912K, reserved 1048576K
GC Heap History (20 events):
Event: 13.402 GC heap before
{Heap before GC invocations=100 (full 2):
 PSYoungGen      total 9216K, used 8992K [0x00000000d5580000, 0x00000000d6200000, 0x0000000100000000)
  eden space 8704K, 100% used [0x00000000d5580000,0x00000000d5e00000,0x00000000d5e00000)
  from space 512K, 56% used [0x00000000d6100000,0x00000000d6148000,0x00000000d6180000)
  to   space 512K, 0% used [0x00000000d6180000,0x00000000d6180000,0x00000000d6200000)
 ParOldGen       total 77824K, used 77802K [0x0000000080000000, 0x0000000084c00000, 0x00000000d5580000)
  object space 77824K, 99% used [0x0000000080000000,0x0000000084bfa878,0x0000000084c00000)
 Metaspace       used 57178K, committed 58560K, reserved 1114112K
  class space    used 6166K, committed 6784K, reserved 1048576K
}
Event: 13.403 GC heap after
{Heap after GC invocations=100 (full 2):
 PSYoungGen      total 9216K, used 288K [0x00000000d5580000, 0x00000000d6200000, 0x0000000100000000)
  eden space 8704K, 0% used [0x00000000d5580000,0x00000000d5580000,0x00000000d5e00000)
  from space 512K, 56% used [0x00000000d6180000,0x00000000d61c8000,0x00000000d6200000)
  to   space 512K, 0% used [0x00000000d6100000,0x00000000d6100000,0x00000000d6180000)
 ParOldGen       total 78336K, used 77938K [0x0000000080000000, 0x0000000084c80000, 0x00000000d5580000)
  object space 78336K, 99% used [0x0000000080000000,0x0000000084c1c878,0x0000000084c80000)
 Metaspace       used 57178K, committed 58560K, reserved 1114112K
  class space    used 6166K, committed 6784K, reserved 1048576K
}
Event: 13.427 GC heap before
{Heap before GC invocations=101 (full 2):
 PSYoungGen      total 9216K, used 8992K [0x00000000d5580000, 0x00000000d6200000, 0x0000000100000000)
  eden space 8704K, 100% used [0x00000000d5580000,0x00000000d5e00000,0x00000000d5e00000)
  from space 512K, 56% used [0x00000000d6180000,0x00000000d61c8000,0x00000000d6200000)
  to   space 512K, 0% used [0x00000000d6100000,0x00000000d6100000,0x00000000d6180000)
 ParOldGen       total 78336K, used 77938K [0x0000000080000000, 0x0000000084c80000, 0x00000000d5580000)
  object space 78336K, 99% used [0x0000000080000000,0x0000000084c1c878,0x0000000084c80000)
 Metaspace       used 57180K, committed 58560K, reserved 1114112K
  class space    used 6166K, committed 6784K, reserved 1048576K
}
Event: 13.428 GC heap after
{Heap after GC invocations=101 (full 2):
 PSYoungGen      total 9216K, used 352K [0x00000000d5580000, 0x00000000d6200000, 0x0000000100000000)
  eden space 8704K, 0% used [0x00000000d5580000,0x00000000d5580000,0x00000000d5e00000)
  from space 512K, 68% used [0x00000000d6100000,0x00000000d6158000,0x00000000d6180000)
  to   space 512K, 0% used [0x00000000d6180000,0x00000000d6180000,0x00000000d6200000)
 ParOldGen       total 78336K, used 78170K [0x0000000080000000, 0x0000000084c80000, 0x00000000d5580000)
  object space 78336K, 99% used [0x0000000080000000,0x0000000084c56878,0x0000000084c80000)
 Metaspace       used 57180K, committed 58560K, reserved 1114112K
  class space    used 6166K, committed 6784K, reserved 1048576K
}
Event: 13.447 GC heap before
{Heap before GC invocations=102 (full 2):
 PSYoungGen      total 9216K, used 9056K [0x00000000d5580000, 0x00000000d6200000, 0x0000000100000000)
  eden space 8704K, 100% used [0x00000000d5580000,0x00000000d5e00000,0x00000000d5e00000)
  from space 512K, 68% used [0x00000000d6100000,0x00000000d6158000,0x00000000d6180000)
  to   space 512K, 0% used [0x00000000d6180000,0x00000000d6180000,0x00000000d6200000)
 ParOldGen       total 78336K, used 78170K [0x0000000080000000, 0x0000000084c80000, 0x00000000d5580000)
  object space 78336K, 99% used [0x0000000080000000,0x0000000084c56878,0x0000000084c80000)
 Metaspace       used 57180K, committed 58560K, reserved 1114112K
  class space    used 6166K, committed 6784K, reserved 1048576K
}
Event: 13.449 GC heap after
{Heap after GC invocations=102 (full 2):
 PSYoungGen      total 9216K, used 288K [0x00000000d5580000, 0x00000000d6200000, 0x0000000100000000)
  eden space 8704K, 0% used [0x00000000d5580000,0x00000000d5580000,0x00000000d5e00000)
  from space 512K, 56% used [0x00000000d6180000,0x00000000d61c8000,0x00000000d6200000)
  to   space 512K, 0% used [0x00000000d6100000,0x00000000d6100000,0x00000000d6180000)
 ParOldGen       total 79360K, used 79154K [0x0000000080000000, 0x0000000084d80000, 0x00000000d5580000)
  object space 79360K, 99% used [0x0000000080000000,0x0000000084d4c878,0x0000000084d80000)
 Metaspace       used 57180K, committed 58560K, reserved 1114112K
  class space    used 6166K, committed 6784K, reserved 1048576K
}
Event: 13.468 GC heap before
{Heap before GC invocations=103 (full 2):
 PSYoungGen      total 9216K, used 8991K [0x00000000d5580000, 0x00000000d6200000, 0x0000000100000000)
  eden space 8704K, 99% used [0x00000000d5580000,0x00000000d5dffff8,0x00000000d5e00000)
  from space 512K, 56% used [0x00000000d6180000,0x00000000d61c8000,0x00000000d6200000)
  to   space 512K, 0% used [0x00000000d6100000,0x00000000d6100000,0x00000000d6180000)
 ParOldGen       total 79360K, used 79154K [0x0000000080000000, 0x0000000084d80000, 0x00000000d5580000)
  object space 79360K, 99% used [0x0000000080000000,0x0000000084d4c878,0x0000000084d80000)
 Metaspace       used 57197K, committed 58560K, reserved 1114112K
  class space    used 6168K, committed 6784K, reserved 1048576K
}
Event: 13.469 GC heap after
{Heap after GC invocations=103 (full 2):
 PSYoungGen      total 9216K, used 384K [0x00000000d5580000, 0x00000000d6200000, 0x0000000100000000)
  eden space 8704K, 0% used [0x00000000d5580000,0x00000000d5580000,0x00000000d5e00000)
  from space 512K, 75% used [0x00000000d6100000,0x00000000d6160000,0x00000000d6180000)
  to   space 512K, 0% used [0x00000000d6180000,0x00000000d6180000,0x00000000d6200000)
 ParOldGen       total 79360K, used 79314K [0x0000000080000000, 0x0000000084d80000, 0x00000000d5580000)
  object space 79360K, 99% used [0x0000000080000000,0x0000000084d74878,0x0000000084d80000)
 Metaspace       used 57197K, committed 58560K, reserved 1114112K
  class space    used 6168K, committed 6784K, reserved 1048576K
}
Event: 13.493 GC heap before
{Heap before GC invocations=104 (full 2):
 PSYoungGen      total 9216K, used 9088K [0x00000000d5580000, 0x00000000d6200000, 0x0000000100000000)
  eden space 8704K, 100% used [0x00000000d5580000,0x00000000d5e00000,0x00000000d5e00000)
  from space 512K, 75% used [0x00000000d6100000,0x00000000d6160000,0x00000000d6180000)
  to   space 512K, 0% used [0x00000000d6180000,0x00000000d6180000,0x00000000d6200000)
 ParOldGen       total 79360K, used 79314K [0x0000000080000000, 0x0000000084d80000, 0x00000000d5580000)
  object space 79360K, 99% used [0x0000000080000000,0x0000000084d74878,0x0000000084d80000)
 Metaspace       used 57258K, committed 58688K, reserved 1114112K
  class space    used 6173K, committed 6784K, reserved 1048576K
}
Event: 13.495 GC heap after
{Heap after GC invocations=104 (full 2):
 PSYoungGen      total 9216K, used 480K [0x00000000d5580000, 0x00000000d6200000, 0x0000000100000000)
  eden space 8704K, 0% used [0x00000000d5580000,0x00000000d5580000,0x00000000d5e00000)
  from space 512K, 93% used [0x00000000d6180000,0x00000000d61f8000,0x00000000d6200000)
  to   space 512K, 0% used [0x00000000d6100000,0x00000000d6100000,0x00000000d6180000)
 ParOldGen       total 79872K, used 79578K [0x0000000080000000, 0x0000000084e00000, 0x00000000d5580000)
  object space 79872K, 99% used [0x0000000080000000,0x0000000084db6878,0x0000000084e00000)
 Metaspace       used 57258K, committed 58688K, reserved 1114112K
  class space    used 6173K, committed 6784K, reserved 1048576K
}
Event: 13.516 GC heap before
{Heap before GC invocations=105 (full 2):
 PSYoungGen      total 9216K, used 9184K [0x00000000d5580000, 0x00000000d6200000, 0x0000000100000000)
  eden space 8704K, 100% used [0x00000000d5580000,0x00000000d5e00000,0x00000000d5e00000)
  from space 512K, 93% used [0x00000000d6180000,0x00000000d61f8000,0x00000000d6200000)
  to   space 512K, 0% used [0x00000000d6100000,0x00000000d6100000,0x00000000d6180000)
 ParOldGen       total 79872K, used 79578K [0x0000000080000000, 0x0000000084e00000, 0x00000000d5580000)
  object space 79872K, 99% used [0x0000000080000000,0x0000000084db6878,0x0000000084e00000)
 Metaspace       used 57260K, committed 58688K, reserved 1114112K
  class space    used 6173K, committed 6784K, reserved 1048576K
}
Event: 13.517 GC heap after
{Heap after GC invocations=105 (full 2):
 PSYoungGen      total 9216K, used 384K [0x00000000d5580000, 0x00000000d6200000, 0x0000000100000000)
  eden space 8704K, 0% used [0x00000000d5580000,0x00000000d5580000,0x00000000d5e00000)
  from space 512K, 75% used [0x00000000d6100000,0x00000000d6160000,0x00000000d6180000)
  to   space 512K, 0% used [0x00000000d6180000,0x00000000d6180000,0x00000000d6200000)
 ParOldGen       total 80384K, used 79946K [0x0000000080000000, 0x0000000084e80000, 0x00000000d5580000)
  object space 80384K, 99% used [0x0000000080000000,0x0000000084e12878,0x0000000084e80000)
 Metaspace       used 57260K, committed 58688K, reserved 1114112K
  class space    used 6173K, committed 6784K, reserved 1048576K
}
Event: 13.531 GC heap before
{Heap before GC invocations=106 (full 2):
 PSYoungGen      total 9216K, used 9088K [0x00000000d5580000, 0x00000000d6200000, 0x0000000100000000)
  eden space 8704K, 100% used [0x00000000d5580000,0x00000000d5e00000,0x00000000d5e00000)
  from space 512K, 75% used [0x00000000d6100000,0x00000000d6160000,0x00000000d6180000)
  to   space 512K, 0% used [0x00000000d6180000,0x00000000d6180000,0x00000000d6200000)
 ParOldGen       total 80384K, used 79946K [0x0000000080000000, 0x0000000084e80000, 0x00000000d5580000)
  object space 80384K, 99% used [0x0000000080000000,0x0000000084e12878,0x0000000084e80000)
 Metaspace       used 57261K, committed 58688K, reserved 1114112K
  class space    used 6173K, committed 6784K, reserved 1048576K
}
Event: 13.532 GC heap after
{Heap after GC invocations=106 (full 2):
 PSYoungGen      total 9216K, used 320K [0x00000000d5580000, 0x00000000d6200000, 0x0000000100000000)
  eden space 8704K, 0% used [0x00000000d5580000,0x00000000d5580000,0x00000000d5e00000)
  from space 512K, 62% used [0x00000000d6180000,0x00000000d61d0000,0x00000000d6200000)
  to   space 512K, 0% used [0x00000000d6100000,0x00000000d6100000,0x00000000d6180000)
 ParOldGen       total 80384K, used 80162K [0x0000000080000000, 0x0000000084e80000, 0x00000000d5580000)
  object space 80384K, 99% used [0x0000000080000000,0x0000000084e48878,0x0000000084e80000)
 Metaspace       used 57261K, committed 58688K, reserved 1114112K
  class space    used 6173K, committed 6784K, reserved 1048576K
}
Event: 13.765 GC heap before
{Heap before GC invocations=107 (full 2):
 PSYoungGen      total 9216K, used 9024K [0x00000000d5580000, 0x00000000d6200000, 0x0000000100000000)
  eden space 8704K, 100% used [0x00000000d5580000,0x00000000d5e00000,0x00000000d5e00000)
  from space 512K, 62% used [0x00000000d6180000,0x00000000d61d0000,0x00000000d6200000)
  to   space 512K, 0% used [0x00000000d6100000,0x00000000d6100000,0x00000000d6180000)
 ParOldGen       total 80384K, used 80162K [0x0000000080000000, 0x0000000084e80000, 0x00000000d5580000)
  object space 80384K, 99% used [0x0000000080000000,0x0000000084e48878,0x0000000084e80000)
 Metaspace       used 58271K, committed 59712K, reserved 1114112K
  class space    used 6283K, committed 6848K, reserved 1048576K
}
Event: 13.767 GC heap after
{Heap after GC invocations=107 (full 2):
 PSYoungGen      total 9216K, used 484K [0x00000000d5580000, 0x00000000d6200000, 0x0000000100000000)
  eden space 8704K, 0% used [0x00000000d5580000,0x00000000d5580000,0x00000000d5e00000)
  from space 512K, 94% used [0x00000000d6100000,0x00000000d61793d8,0x00000000d6180000)
  to   space 512K, 0% used [0x00000000d6180000,0x00000000d6180000,0x00000000d6200000)
 ParOldGen       total 80896K, used 80754K [0x0000000080000000, 0x0000000084f00000, 0x00000000d5580000)
  object space 80896K, 99% used [0x0000000080000000,0x0000000084edc888,0x0000000084f00000)
 Metaspace       used 58271K, committed 59712K, reserved 1114112K
  class space    used 6283K, committed 6848K, reserved 1048576K
}
Event: 13.786 GC heap before
{Heap before GC invocations=108 (full 2):
 PSYoungGen      total 9216K, used 1029K [0x00000000d5580000, 0x00000000d6200000, 0x0000000100000000)
  eden space 8704K, 6% used [0x00000000d5580000,0x00000000d5608200,0x00000000d5e00000)
  from space 512K, 94% used [0x00000000d6100000,0x00000000d61793d8,0x00000000d6180000)
  to   space 512K, 0% used [0x00000000d6180000,0x00000000d6180000,0x00000000d6200000)
 ParOldGen       total 80896K, used 80754K [0x0000000080000000, 0x0000000084f00000, 0x00000000d5580000)
  object space 80896K, 99% used [0x0000000080000000,0x0000000084edc888,0x0000000084f00000)
 Metaspace       used 58308K, committed 59776K, reserved 1114112K
  class space    used 6288K, committed 6912K, reserved 1048576K
}
Event: 13.787 GC heap after
{Heap after GC invocations=108 (full 2):
 PSYoungGen      total 9216K, used 249K [0x00000000d5580000, 0x00000000d6200000, 0x0000000100000000)
  eden space 8704K, 0% used [0x00000000d5580000,0x00000000d5580000,0x00000000d5e00000)
  from space 512K, 48% used [0x00000000d6180000,0x00000000d61be470,0x00000000d6200000)
  to   space 1024K, 0% used [0x00000000d6000000,0x00000000d6000000,0x00000000d6100000)
 ParOldGen       total 81408K, used 81276K [0x0000000080000000, 0x0000000084f80000, 0x00000000d5580000)
  object space 81408K, 99% used [0x0000000080000000,0x0000000084f5f048,0x0000000084f80000)
 Metaspace       used 58308K, committed 59776K, reserved 1114112K
  class space    used 6288K, committed 6912K, reserved 1048576K
}
Event: 13.787 GC heap before
{Heap before GC invocations=109 (full 3):
 PSYoungGen      total 9216K, used 249K [0x00000000d5580000, 0x00000000d6200000, 0x0000000100000000)
  eden space 8704K, 0% used [0x00000000d5580000,0x00000000d5580000,0x00000000d5e00000)
  from space 512K, 48% used [0x00000000d6180000,0x00000000d61be470,0x00000000d6200000)
  to   space 1024K, 0% used [0x00000000d6000000,0x00000000d6000000,0x00000000d6100000)
 ParOldGen       total 81408K, used 81276K [0x0000000080000000, 0x0000000084f80000, 0x00000000d5580000)
  object space 81408K, 99% used [0x0000000080000000,0x0000000084f5f048,0x0000000084f80000)
 Metaspace       used 58308K, committed 59776K, reserved 1114112K
  class space    used 6288K, committed 6912K, reserved 1048576K
}
Event: 13.916 GC heap after
{Heap after GC invocations=109 (full 3):
 PSYoungGen      total 9216K, used 0K [0x00000000d5580000, 0x00000000d6200000, 0x0000000100000000)
  eden space 8704K, 0% used [0x00000000d5580000,0x00000000d5580000,0x00000000d5e00000)
  from space 512K, 0% used [0x00000000d6180000,0x00000000d6180000,0x00000000d6200000)
  to   space 1024K, 0% used [0x00000000d6000000,0x00000000d6000000,0x00000000d6100000)
 ParOldGen       total 81408K, used 61980K [0x0000000080000000, 0x0000000084f80000, 0x00000000d5580000)
  object space 81408K, 76% used [0x0000000080000000,0x0000000083c87280,0x0000000084f80000)
 Metaspace       used 58305K, committed 59776K, reserved 1114112K
  class space    used 6287K, committed 6912K, reserved 1048576K
}

